<?xml version="1.0" encoding="UTF-8"?>
<testsuite xmlns:xsi="http://www.w3.org/2001/XMLSchema-instance" xsi:noNamespaceSchemaLocation="https://maven.apache.org/surefire/maven-surefire-plugin/xsd/surefire-test-report-3.0.xsd" version="3.0" name="lab1.ex6a.CBD.AppTest" time="0.065" tests="1" errors="0" skipped="0" failures="0">
  <properties>
    <property name="java.specification.version" value="22"/>
    <property name="sun.jnu.encoding" value="UTF-8"/>
    <property name="java.class.path" value="/home/Gabriel/Desktop/3 Ano/CBD/P1/ex6a/target/test-classes:/home/Gabriel/Desktop/3 Ano/CBD/P1/ex6a/target/classes:/home/Gabriel/.m2/repository/redis/clients/jedis/4.2.3/jedis-4.2.3.jar:/home/Gabriel/.m2/repository/org/apache/commons/commons-pool2/2.11.1/commons-pool2-2.11.1.jar:/home/Gabriel/.m2/repository/org/json/json/20211205/json-20211205.jar:/home/Gabriel/.m2/repository/com/google/code/gson/gson/2.8.9/gson-2.8.9.jar:/home/Gabriel/.m2/repository/junit/junit/3.8.1/junit-3.8.1.jar:/home/Gabriel/.m2/repository/org/slf4j/slf4j-api/1.7.30/slf4j-api-1.7.30.jar:/home/Gabriel/.m2/repository/org/slf4j/slf4j-log4j12/1.7.30/slf4j-log4j12-1.7.30.jar:/home/Gabriel/.m2/repository/log4j/log4j/1.2.17/log4j-1.2.17.jar:"/>
    <property name="java.vm.vendor" value="Arch Linux"/>
    <property name="sun.arch.data.model" value="64"/>
    <property name="java.vendor.url" value="https://openjdk.org/"/>
    <property name="os.name" value="Linux"/>
    <property name="java.vm.specification.version" value="22"/>
    <property name="sun.java.launcher" value="SUN_STANDARD"/>
    <property name="user.country" value="US"/>
    <property name="sun.boot.library.path" value="/usr/lib/jvm/java-22-openjdk/lib"/>
    <property name="sun.java.command" value="/home/Gabriel/Desktop/3 Ano/CBD/P1/ex6a/target/surefire/surefirebooter-20241002144425675_3.jar /home/Gabriel/Desktop/3 Ano/CBD/P1/ex6a/target/surefire 2024-10-02T14-44-25_467-jvmRun1 surefire-20241002144425675_1tmp surefire_0-20241002144425675_2tmp"/>
    <property name="jdk.debug" value="release"/>
    <property name="surefire.test.class.path" value="/home/Gabriel/Desktop/3 Ano/CBD/P1/ex6a/target/test-classes:/home/Gabriel/Desktop/3 Ano/CBD/P1/ex6a/target/classes:/home/Gabriel/.m2/repository/redis/clients/jedis/4.2.3/jedis-4.2.3.jar:/home/Gabriel/.m2/repository/org/apache/commons/commons-pool2/2.11.1/commons-pool2-2.11.1.jar:/home/Gabriel/.m2/repository/org/json/json/20211205/json-20211205.jar:/home/Gabriel/.m2/repository/com/google/code/gson/gson/2.8.9/gson-2.8.9.jar:/home/Gabriel/.m2/repository/junit/junit/3.8.1/junit-3.8.1.jar:/home/Gabriel/.m2/repository/org/slf4j/slf4j-api/1.7.30/slf4j-api-1.7.30.jar:/home/Gabriel/.m2/repository/org/slf4j/slf4j-log4j12/1.7.30/slf4j-log4j12-1.7.30.jar:/home/Gabriel/.m2/repository/log4j/log4j/1.2.17/log4j-1.2.17.jar:"/>
    <property name="sun.cpu.endian" value="little"/>
    <property name="user.home" value="/home/Gabriel"/>
    <property name="user.language" value="en"/>
    <property name="java.specification.vendor" value="Oracle Corporation"/>
    <property name="java.version.date" value="2024-07-16"/>
    <property name="java.home" value="/usr/lib/jvm/java-22-openjdk"/>
    <property name="file.separator" value="/"/>
    <property name="basedir" value="/home/Gabriel/Desktop/3 Ano/CBD/P1/ex6a"/>
    <property name="java.vm.compressedOopsMode" value="32-bit"/>
    <property name="line.separator" value="&#10;"/>
    <property name="java.specification.name" value="Java Platform API Specification"/>
    <property name="java.vm.specification.vendor" value="Oracle Corporation"/>
    <property name="surefire.real.class.path" value="/home/Gabriel/Desktop/3 Ano/CBD/P1/ex6a/target/surefire/surefirebooter-20241002144425675_3.jar"/>
    <property name="sun.management.compiler" value="HotSpot 64-Bit Tiered Compilers"/>
    <property name="java.runtime.version" value="22.0.2+9"/>
    <property name="user.name" value="Gabriel"/>
    <property name="stdout.encoding" value="UTF-8"/>
    <property name="path.separator" value=":"/>
    <property name="os.version" value="6.11.1-arch1-1"/>
    <property name="java.runtime.name" value="OpenJDK Runtime Environment"/>
    <property name="file.encoding" value="UTF-8"/>
    <property name="java.vm.name" value="OpenJDK 64-Bit Server VM"/>
    <property name="localRepository" value="/home/Gabriel/.m2/repository"/>
    <property name="java.vendor.url.bug" value="https://bugreport.java.com/bugreport/"/>
    <property name="java.io.tmpdir" value="/tmp"/>
    <property name="java.version" value="22.0.2"/>
    <property name="user.dir" value="/home/Gabriel/Desktop/3 Ano/CBD/P1/ex6a"/>
    <property name="os.arch" value="amd64"/>
    <property name="java.vm.specification.name" value="Java Virtual Machine Specification"/>
    <property name="native.encoding" value="UTF-8"/>
    <property name="java.library.path" value="/usr/java/packages/lib:/usr/lib64:/lib64:/lib:/usr/lib"/>
    <property name="java.vm.info" value="mixed mode, sharing"/>
    <property name="stderr.encoding" value="UTF-8"/>
    <property name="java.vendor" value="Arch Linux"/>
    <property name="java.vm.version" value="22.0.2+9"/>
    <property name="sun.io.unicode.encoding" value="UnicodeLittle"/>
    <property name="java.class.version" value="66.0"/>
  </properties>
  <testcase name="testApp" classname="lab1.ex6a.CBD.AppTest" time="0.004"/>
</testsuite>